lab5_期中作业/NotePad-CWX/app/build/intermediates/manifest_merge_blame_file/debug/manifest-merger-blame-debug-report.txt
1<?xml version="1.0" encoding="utf-8"?>
2<manifest xmlns:android="http://schemas.android.com/apk/res/android"
3    package="com.example.android.notepad"
4    android:versionCode="1"
5    android:versionName="1.0" >
6
7    <uses-sdk
8        android:minSdkVersion="15"
8-->src\main\AndroidManifest.xml
9        android:targetSdkVersion="29" />
9-->src\main\AndroidManifest.xml
10
11    <application
11-->src\main\AndroidManifest.xml:5:5-131:19
12        android:appComponentFactory="androidx.core.app.CoreComponentFactory"
12-->[androidx.core:core:1.0.1] AndroidManifest.xml:22:18-86
13        android:debuggable="true"
14        android:icon="@drawable/app_notes"
14-->src\main\AndroidManifest.xml:6:9-43
15        android:label="@string/app_name" >
15-->src\main\AndroidManifest.xml:7:9-41
16        <provider
16-->src\main\AndroidManifest.xml:10:9-15:20
17            android:name="com.example.android.notepad.NotePadProvider"
17-->src\main\AndroidManifest.xml:11:13-44
18            android:authorities="com.google.provider.NotePad"
18-->src\main\AndroidManifest.xml:12:13-62
19            android:exported="false" >
19-->src\main\AndroidManifest.xml:13:13-37
20            <grant-uri-permission android:pathPattern=".*" />
20-->src\main\AndroidManifest.xml:14:13-62
20-->src\main\AndroidManifest.xml:14:35-59
21        </provider>
22
23        <activity
23-->src\main\AndroidManifest.xml:17:9-42:20
24            android:name="com.example.android.notepad.NotesList"
24-->src\main\AndroidManifest.xml:18:13-38
25            android:label="@string/title_notes_list" >
25-->src\main\AndroidManifest.xml:19:13-53
26            <intent-filter>
26-->src\main\AndroidManifest.xml:21:13-25:29
27                <action android:name="android.intent.action.MAIN" />
27-->src\main\AndroidManifest.xml:22:17-69
27-->src\main\AndroidManifest.xml:22:25-66
28
29                <category android:name="android.intent.category.LAUNCHER" />
29-->src\main\AndroidManifest.xml:24:17-77
29-->src\main\AndroidManifest.xml:24:27-74
30            </intent-filter>
31            <intent-filter>
31-->src\main\AndroidManifest.xml:26:13-34:29
32                <action android:name="android.intent.action.VIEW" />
32-->src\main\AndroidManifest.xml:27:17-69
32-->src\main\AndroidManifest.xml:27:25-66
33                <action android:name="android.intent.action.EDIT" />
33-->src\main\AndroidManifest.xml:28:17-69
33-->src\main\AndroidManifest.xml:28:25-66
34                <action android:name="android.intent.action.PICK" />
34-->src\main\AndroidManifest.xml:29:17-69
34-->src\main\AndroidManifest.xml:29:25-66
35
36                <category android:name="android.intent.category.DEFAULT" />
36-->src\main\AndroidManifest.xml:31:17-76
36-->src\main\AndroidManifest.xml:31:27-73
37
38                <data android:mimeType="vnd.android.cursor.dir/vnd.google.note" />
38-->src\main\AndroidManifest.xml:33:17-83
38-->src\main\AndroidManifest.xml:33:23-80
39            </intent-filter>
40            <intent-filter>
40-->src\main\AndroidManifest.xml:35:13-41:29
41                <action android:name="android.intent.action.GET_CONTENT" />
41-->src\main\AndroidManifest.xml:36:17-76
41-->src\main\AndroidManifest.xml:36:25-73
42
43                <category android:name="android.intent.category.DEFAULT" />
43-->src\main\AndroidManifest.xml:31:17-76
43-->src\main\AndroidManifest.xml:31:27-73
44
45                <data android:mimeType="vnd.android.cursor.item/vnd.google.note" />
45-->src\main\AndroidManifest.xml:33:17-83
45-->src\main\AndroidManifest.xml:33:23-80
46            </intent-filter>
47        </activity>
48        <activity
48-->src\main\AndroidManifest.xml:43:9-83:20
49            android:name="com.example.android.notepad.NoteEditor"
49-->src\main\AndroidManifest.xml:44:13-39
50            android:configChanges="keyboardHidden|orientation"
50-->src\main\AndroidManifest.xml:45:13-63
51            android:label="@string/NoteEditor"
51-->src\main\AndroidManifest.xml:48:13-47
52            android:screenOrientation="sensor"
52-->src\main\AndroidManifest.xml:46:13-47
53            android:theme="@android:style/Theme.Holo.Light" >
53-->src\main\AndroidManifest.xml:47:13-60
54            <meta-data
54-->src\main\AndroidManifest.xml:49:13-51:54
55                android:name="com.google.android.actions"
55-->src\main\AndroidManifest.xml:50:17-58
56                android:resource="@xml/searchable" />
56-->src\main\AndroidManifest.xml:51:17-51
57
58            <!--
59                 This filter says that we can view or edit the data of
60                 a single note
61            -->
62            <intent-filter android:label="@string/resolve_edit" >
62-->src\main\AndroidManifest.xml:57:13-65:29
62-->src\main\AndroidManifest.xml:57:28-64
63                <action android:name="android.intent.action.VIEW" />
63-->src\main\AndroidManifest.xml:27:17-69
63-->src\main\AndroidManifest.xml:27:25-66
64                <action android:name="android.intent.action.EDIT" />
64-->src\main\AndroidManifest.xml:28:17-69
64-->src\main\AndroidManifest.xml:28:25-66
65                <action android:name="com.android.notepad.action.EDIT_NOTE" />
65-->src\main\AndroidManifest.xml:60:17-79
65-->src\main\AndroidManifest.xml:60:25-76
66
67                <category android:name="android.intent.category.DEFAULT" />
67-->src\main\AndroidManifest.xml:31:17-76
67-->src\main\AndroidManifest.xml:31:27-73
68
69                <data android:mimeType="vnd.android.cursor.item/vnd.google.note" />
69-->src\main\AndroidManifest.xml:33:17-83
69-->src\main\AndroidManifest.xml:33:23-80
70            </intent-filter>
71
72            <!--
73                 This filter says that we can create a new note inside
74                 of a directory of notes.  The INSERT action creates an
75                 empty note; the PASTE action initializes a new note from
76                 the current contents of the clipboard.
77            -->
78            <intent-filter>
78-->src\main\AndroidManifest.xml:73:13-82:29
79                <action android:name="android.intent.action.SEARCH" />
79-->src\main\AndroidManifest.xml:74:17-71
79-->src\main\AndroidManifest.xml:74:25-68
80                <action android:name="android.intent.action.INSERT" />
80-->src\main\AndroidManifest.xml:75:17-71
80-->src\main\AndroidManifest.xml:75:25-68
81                <action android:name="android.intent.action.PASTE" />
81-->src\main\AndroidManifest.xml:76:17-70
81-->src\main\AndroidManifest.xml:76:25-67
82                <action android:name="android.intent.action.PICK" />
82-->src\main\AndroidManifest.xml:29:17-69
82-->src\main\AndroidManifest.xml:29:25-66
83
84                <category android:name="android.intent.category.DEFAULT" />
84-->src\main\AndroidManifest.xml:31:17-76
84-->src\main\AndroidManifest.xml:31:27-73
85
86                <data android:mimeType="vnd.android.cursor.dir/vnd.google.note" />
86-->src\main\AndroidManifest.xml:33:17-83
86-->src\main\AndroidManifest.xml:33:23-80
87            </intent-filter>
88        </activity>
89        <activity
89-->src\main\AndroidManifest.xml:84:9-120:20
90            android:name="com.example.android.notepad.TitleEditor"
90-->src\main\AndroidManifest.xml:85:13-40
91            android:icon="@drawable/ic_menu_edit"
91-->src\main\AndroidManifest.xml:86:13-50
92            android:label="@string/title_edit_title"
92-->src\main\AndroidManifest.xml:87:13-53
93            android:theme="@android:style/Theme.Holo.Dialog"
93-->src\main\AndroidManifest.xml:88:13-61
94            android:windowSoftInputMode="stateVisible" >
94-->src\main\AndroidManifest.xml:89:13-55
95
96            <!--
97                 This activity implements an alternative action that can be
98                 performed on notes: editing their title.  It can be used as
99                 a default operation if the user invokes this action, and is
100                 available as an alternative action for any note data.
101            -->
102            <intent-filter android:label="@string/resolve_title" >
102-->src\main\AndroidManifest.xml:97:13-119:29
102-->src\main\AndroidManifest.xml:97:28-65
103
104                <!--
105                     This is the action we perform.  It is a custom action we
106                     define for our application, not a generic VIEW or EDIT
107                     action since we are not a general note viewer/editor.
108                -->
109                <action android:name="com.android.notepad.action.EDIT_TITLE" />
109-->src\main\AndroidManifest.xml:104:17-80
109-->src\main\AndroidManifest.xml:104:25-77
110                <!-- DEFAULT: execute if being directly invoked. -->
111                <category android:name="android.intent.category.DEFAULT" />
111-->src\main\AndroidManifest.xml:31:17-76
111-->src\main\AndroidManifest.xml:31:27-73
112                <!--
113                     ALTERNATIVE: show as an alternative action when the user is
114                     working with this type of data.
115                -->
116                <category android:name="android.intent.category.ALTERNATIVE" />
116-->src\main\AndroidManifest.xml:111:17-80
116-->src\main\AndroidManifest.xml:111:27-77
117                <!--
118                     SELECTED_ALTERNATIVE: show as an alternative action the user
119                     can perform when selecting this type of data.
120                -->
121                <category android:name="android.intent.category.SELECTED_ALTERNATIVE" />
121-->src\main\AndroidManifest.xml:116:17-89
121-->src\main\AndroidManifest.xml:116:27-86
122                <!-- This is the data type we operate on. -->
123                <data android:mimeType="vnd.android.cursor.item/vnd.google.note" />
123-->src\main\AndroidManifest.xml:33:17-83
123-->src\main\AndroidManifest.xml:33:23-80
124            </intent-filter>
125        </activity>
126        <activity
126-->src\main\AndroidManifest.xml:121:9-130:20
127            android:name="com.example.android.notepad.NotesLiveFolder"
127-->src\main\AndroidManifest.xml:122:13-44
128            android:icon="@drawable/live_folder_notes"
128-->src\main\AndroidManifest.xml:123:13-55
129            android:label="@string/live_folder_name" >
129-->src\main\AndroidManifest.xml:124:13-53
130            <intent-filter>
130-->src\main\AndroidManifest.xml:125:13-129:29
131                <action android:name="android.intent.action.CREATE_LIVE_FOLDER" />
131-->src\main\AndroidManifest.xml:126:17-83
131-->src\main\AndroidManifest.xml:126:25-80
132
133                <category android:name="android.intent.category.DEFAULT" />
133-->src\main\AndroidManifest.xml:31:17-76
133-->src\main\AndroidManifest.xml:31:27-73
134            </intent-filter>
135        </activity>
136    </application>
137
138</manifest>